Wed Feb 28 13:45:12 GFT 2018 : Apache Derby Servidor de Rede - 10.10.2.0 - (1582446) iniciado e pronto para aceitar conexões na porta 1527 em {3}
----------------------------------------------------------------
Wed Feb 28 13:45:13 GFT 2018:
 Inicializando o Derby versão The Apache Software Foundation - Apache Derby - 10.10.2.0 - (1582446): instância a816c00e-0161-dd4d-b273-00003c3dbff2
no diretório de banco de dados C:\Users\RG 295\Documents\NetBeansProjects\Coala\coalabanco 

java.vendor=Oracle Corporation
java.runtime.version=1.8.0_144-b01
user.dir=C:\Program Files\glassfish-4.1.1\javadb
os.name=Windows 10
os.arch=amd64
os.version=10.0
derby.system.home=C:\Users\RG 295\Documents\NetBeansProjects\Coala
Carregador de classe do banco de dados iniciado - derby.database.classpath=''
----------------------------------------------------------------
Wed Feb 28 14:09:57 GFT 2018:
 Inicializando o Derby versão The Apache Software Foundation - Apache Derby - 10.10.2.0 - (1582446): instância 98ec802c-0161-dd4d-b273-00003c3dbff2
no diretório de banco de dados C:\Users\RG 295\Documents\NetBeansProjects\Coala\Testes 

java.vendor=Oracle Corporation
java.runtime.version=1.8.0_144-b01
user.dir=C:\Program Files\glassfish-4.1.1\javadb
os.name=Windows 10
os.arch=amd64
os.version=10.0
derby.system.home=C:\Users\RG 295\Documents\NetBeansProjects\Coala
Carregador de classe do banco de dados iniciado - derby.database.classpath=''
